2023-11-30 19:32:29 - root - INFO    Get the status switch of the server ...
2023-11-30 19:32:29 - root - INFO    19:32:29  The current status is:True
2023-11-30 19:32:29 - root - INFO    call dingding result : 
2023-11-30 19:32:35 - root - INFO    call dingding result : 
2023-11-30 19:32:40 - root - INFO    call dingding result : 
2023-11-30 19:33:17 - root - INFO    Get the status switch of the server ...
2023-11-30 19:33:17 - root - INFO    19:33:17  The current status is:True
2023-11-30 19:33:17 - root - INFO    call dingding result : 
2023-11-30 19:34:16 - root - INFO    Get the status switch of the server ...
2023-11-30 19:34:16 - root - INFO    19:34:16  The current status is:True
2023-11-30 19:34:16 - root - INFO    call dingding result : 
2023-11-30 19:36:26 - root - INFO    Get the status switch of the server ...
2023-11-30 19:36:26 - root - INFO    19:36:26  The current status is:True
2023-11-30 19:36:26 - root - INFO    call dingding result : 
2023-11-30 19:37:40 - root - INFO    Get the status switch of the server ...
2023-11-30 19:37:40 - root - INFO    19:37:40  The current status is:True
2023-11-30 19:37:40 - root - INFO    call dingding result : {'errcode': 0, 'errmsg': 'ok'}
2023-11-30 20:20:02 - root - INFO    Get the status switch of the server ...
2023-11-30 20:20:02 - root - INFO    20:20:02  The current status is:True
2023-11-30 20:20:02 - root - INFO    call dingding result : {'errcode': 0, 'errmsg': 'ok'}
2023-11-30 20:20:02 - root - INFO    executed ... 
2023-11-30 20:20:02 - root - INFO    {'code': 401, 'message': 'token 已失效!'}
2023-11-30 20:21:27 - root - INFO    Get the status switch of the server ...
2023-11-30 20:21:28 - root - INFO    20:21:28  The current status is:True
2023-11-30 20:21:28 - root - INFO    call dingding result : {'errcode': 0, 'errmsg': 'ok'}
2023-11-30 21:02:02 - root - INFO    executed ... 
2023-11-30 21:02:02 - root - INFO    {'code': 401, 'message': 'token 已失效!'}
2023-11-30 21:10:02 - root - INFO    Get the status switch of the server ...
2023-11-30 21:10:03 - root - INFO    21:10:03  The current status is:True
2023-11-30 21:10:03 - root - INFO    call dingding result : {'errcode': 0, 'errmsg': 'ok'}
2023-11-30 21:10:03 - root - INFO    executed ... 
2023-11-30 21:10:03 - root - INFO    {'code': 401, 'message': 'token 已失效!'}
2023-11-30 21:20:02 - root - INFO    Get the status switch of the server ...
2023-11-30 21:20:02 - root - INFO    21:20:02  The current status is:True
2023-11-30 21:20:03 - root - INFO    call dingding result : {'errcode': 0, 'errmsg': 'ok'}
2023-11-30 21:21:03 - root - INFO    executed ... 
2023-11-30 21:21:03 - root - INFO    {'code': 401, 'message': 'token 已失效!'}
2023-12-01 08:00:02 - root - INFO    Get the status switch of the server ...
2023-12-01 08:00:02 - root - INFO    08:00:02  The current status is:True
2023-12-01 08:00:02 - root - INFO    call dingding result : {'errcode': 0, 'errmsg': 'ok'}
2023-12-01 08:29:00 - root - INFO    executed ... 
2023-12-01 08:29:00 - root - INFO    {'code': 401, 'message': 'token 已失效!'}
2023-12-01 08:30:02 - root - INFO    Get the status switch of the server ...
2023-12-01 08:30:02 - root - INFO    08:30:02  The current status is:True
2023-12-01 08:30:03 - root - INFO    call dingding result : {'errcode': 0, 'errmsg': 'ok'}
2023-12-01 08:31:03 - root - INFO    executed ... 
2023-12-01 08:31:03 - root - INFO    {'code': 401, 'message': 'token 已失效!'}
2023-12-01 08:35:02 - root - INFO    Get the status switch of the server ...
2023-12-01 08:35:02 - root - INFO    08:35:02  The current status is:True
2023-12-01 08:35:03 - root - INFO    call dingding result : {'errcode': 0, 'errmsg': 'ok'}
2023-12-01 08:36:03 - root - INFO    executed ... 
2023-12-01 08:36:03 - root - INFO    {'code': 401, 'message': 'token 已失效!'}
2023-12-01 08:40:02 - root - INFO    Get the status switch of the server ...
2023-12-01 08:40:02 - root - INFO    08:40:02  The current status is:False
2023-12-01 08:40:03 - root - INFO    call dingding result : {'errcode': 0, 'errmsg': 'ok'}
2023-12-01 08:41:03 - root - INFO    08:41:03  The current status is:False
2023-12-01 08:42:03 - root - INFO    08:42:03  The current status is:False
2023-12-01 08:43:03 - root - INFO    08:43:03  The current status is:False
2023-12-01 08:44:03 - root - INFO    08:44:03  The current status is:False
2023-12-01 08:45:03 - root - INFO    08:45:03  The current status is:False
2023-12-01 08:46:03 - root - INFO    08:46:03  The current status is:False
2023-12-01 08:47:04 - root - INFO    08:47:04  The current status is:False
2023-12-01 08:48:04 - root - INFO    08:48:04  The current status is:False
2023-12-01 08:49:04 - root - INFO    08:49:04  The current status is:False
2023-12-01 08:50:04 - root - INFO    08:50:04  The current status is:False
2023-12-01 08:51:04 - root - INFO    08:51:04  The current status is:False
2023-12-01 08:52:04 - root - INFO    08:52:04  The current status is:False
2023-12-01 08:53:04 - root - INFO    08:53:04  The current status is:False
2023-12-01 08:54:04 - root - INFO    08:54:04  The current status is:False
2023-12-01 08:55:05 - root - INFO    08:55:05  The current status is:False
2023-12-01 08:56:05 - root - INFO    08:56:05  The current status is:False
2023-12-01 08:57:05 - root - INFO    08:57:05  The current status is:False
2023-12-01 08:58:05 - root - INFO    08:58:05  The current status is:False
2023-12-01 08:59:05 - root - INFO    08:59:05  The current status is:False
2023-12-01 09:00:05 - root - INFO    09:00:05  The current status is:False
2023-12-01 09:01:05 - root - INFO    09:01:05  The current status is:False
2023-12-01 09:02:05 - root - INFO    09:02:05  The current status is:False
2023-12-01 09:03:06 - root - INFO    09:03:06  The current status is:False
2023-12-01 09:04:06 - root - INFO    09:04:06  The current status is:False
2023-12-01 09:05:06 - root - INFO    09:05:06  The current status is:False
2023-12-01 09:06:06 - root - INFO    09:06:06  The current status is:False
2023-12-01 09:07:06 - root - INFO    09:07:06  The current status is:False
2023-12-01 09:08:06 - root - INFO    09:08:06  The current status is:False
2023-12-01 09:09:06 - root - INFO    09:09:06  The current status is:False
